[debug] [2020-02-13T16:31:59.376Z] ----------------------------------------------------------------------
[debug] [2020-02-13T16:31:59.378Z] Command:       C:\Program Files\nodejs\node.exe C:\Users\Valentin\AppData\Roaming\npm\node_modules\firebase-tools\lib\bin\firebase.js deploy
[debug] [2020-02-13T16:31:59.378Z] CLI Version:   7.13.0
[debug] [2020-02-13T16:31:59.378Z] Platform:      win32
[debug] [2020-02-13T16:31:59.378Z] Node Version:  v12.14.1
[debug] [2020-02-13T16:31:59.379Z] Time:          Thu Feb 13 2020 18:31:59 GMT+0200 (Eastern European Standard Time)
[debug] [2020-02-13T16:31:59.379Z] ----------------------------------------------------------------------
[debug] [2020-02-13T16:31:59.379Z] 
[debug] [2020-02-13T16:31:59.392Z] > command requires scopes: ["email","openid","https://www.googleapis.com/auth/cloudplatformprojects.readonly","https://www.googleapis.com/auth/firebase","https://www.googleapis.com/auth/cloud-platform"]
[debug] [2020-02-13T16:31:59.392Z] > authorizing via signed-in user
[debug] [2020-02-13T16:31:59.392Z] [iam] checking project fiimateriale for permissions ["firebase.projects.get","firebasehosting.sites.update"]
[debug] [2020-02-13T16:31:59.394Z] > refreshing access token with scopes: ["email","https://www.googleapis.com/auth/cloud-platform","https://www.googleapis.com/auth/cloudplatformprojects.readonly","https://www.googleapis.com/auth/firebase","openid"]
[debug] [2020-02-13T16:31:59.394Z] >>> HTTP REQUEST POST https://www.googleapis.com/oauth2/v3/token  
 <request body omitted>
[debug] [2020-02-13T16:31:59.594Z] <<< HTTP RESPONSE 200
[debug] [2020-02-13T16:31:59.607Z] >>> HTTP REQUEST POST https://cloudresourcemanager.googleapis.com/v1/projects/fiimateriale:testIamPermissions  

[debug] [2020-02-13T16:31:59.910Z] <<< HTTP RESPONSE 200
[debug] [2020-02-13T16:31:59.911Z] >>> HTTP REQUEST GET https://firebase.googleapis.com/v1beta1/projects/fiimateriale  
 
[debug] [2020-02-13T16:32:00.292Z] <<< HTTP RESPONSE 200
[info] 
[info] === Deploying to 'fiimateriale'...
[info] 
[info] i  deploying hosting
[debug] [2020-02-13T16:32:00.297Z] >>> HTTP REQUEST POST https://firebasehosting.googleapis.com/v1beta1/sites/fiimateriale/versions  

[debug] [2020-02-13T16:32:01.987Z] <<< HTTP RESPONSE 200
[info] i  hosting[fiimateriale]: beginning deploy...
[info] i  hosting[fiimateriale]: found 13 files in dist/MaterialeFacultateWeb
[debug] [2020-02-13T16:32:02.079Z] [hosting] hash cache [ZGlzdFxNYXRlcmlhbGVGYWN1bHRhdGVXZWI] stored for 13 files
[debug] [2020-02-13T16:32:02.079Z] [hosting][hash queue][FINAL]
[debug] [2020-02-13T16:32:02.080Z] >>> HTTP REQUEST POST https://firebasehosting.googleapis.com/v1beta1/sites/fiimateriale/versions/8bb4d61849399882:populateFiles  
 <request body omitted>
